<?xml version="1.0" encoding="UTF-8"?>
<testsuite xmlns:xsi="http://www.w3.org/2001/XMLSchema-instance" xsi:noNamespaceSchemaLocation="https://maven.apache.org/surefire/maven-surefire-plugin/xsd/surefire-test-report.xsd" name="cucmber.Options.TestRunner" time="0.336" tests="0" errors="0" skipped="0" failures="0">
  <properties>
    <property name="java.specification.version" value="21"/>
    <property name="sun.cpu.isalist" value="amd64"/>
    <property name="sun.jnu.encoding" value="Cp1252"/>
    <property name="java.class.path" value="C:\Eclipse2024\CucumberBDDAPIFramework\target\test-classes;C:\Eclipse2024\CucumberBDDAPIFramework\target\classes;C:\Users\LENOVO\.m2\repository\io\cucumber\cucumber-java\7.18.1\cucumber-java-7.18.1.jar;C:\Users\LENOVO\.m2\repository\io\cucumber\cucumber-core\7.18.1\cucumber-core-7.18.1.jar;C:\Users\LENOVO\.m2\repository\io\cucumber\cucumber-gherkin\7.18.1\cucumber-gherkin-7.18.1.jar;C:\Users\LENOVO\.m2\repository\io\cucumber\cucumber-gherkin-messages\7.18.1\cucumber-gherkin-messages-7.18.1.jar;C:\Users\LENOVO\.m2\repository\io\cucumber\gherkin\28.0.0\gherkin-28.0.0.jar;C:\Users\LENOVO\.m2\repository\io\cucumber\messages\24.1.0\messages-24.1.0.jar;C:\Users\LENOVO\.m2\repository\io\cucumber\testng-xml-formatter\0.2.0\testng-xml-formatter-0.2.0.jar;C:\Users\LENOVO\.m2\repository\io\cucumber\query\12.2.0\query-12.2.0.jar;C:\Users\LENOVO\.m2\repository\io\cucumber\tag-expressions\6.1.0\tag-expressions-6.1.0.jar;C:\Users\LENOVO\.m2\repository\io\cucumber\cucumber-expressions\17.1.0\cucumber-expressions-17.1.0.jar;C:\Users\LENOVO\.m2\repository\io\cucumber\datatable\7.18.1\datatable-7.18.1.jar;C:\Users\LENOVO\.m2\repository\io\cucumber\cucumber-plugin\7.18.1\cucumber-plugin-7.18.1.jar;C:\Users\LENOVO\.m2\repository\io\cucumber\docstring\7.18.1\docstring-7.18.1.jar;C:\Users\LENOVO\.m2\repository\io\cucumber\html-formatter\21.4.1\html-formatter-21.4.1.jar;C:\Users\LENOVO\.m2\repository\io\cucumber\junit-xml-formatter\0.5.0\junit-xml-formatter-0.5.0.jar;C:\Users\LENOVO\.m2\repository\io\cucumber\ci-environment\10.0.1\ci-environment-10.0.1.jar;C:\Users\LENOVO\.m2\repository\org\apiguardian\apiguardian-api\1.1.2\apiguardian-api-1.1.2.jar;C:\Users\LENOVO\.m2\repository\io\cucumber\cucumber-junit\7.2.0\cucumber-junit-7.2.0.jar;C:\Users\LENOVO\.m2\repository\junit\junit\4.13.2\junit-4.13.2.jar;C:\Users\LENOVO\.m2\repository\org\hamcrest\hamcrest-core\1.3\hamcrest-core-1.3.jar;C:\Users\LENOVO\.m2\repository\org\junit\jupiter\junit-jupiter\5.8.0\junit-jupiter-5.8.0.jar;C:\Users\LENOVO\.m2\repository\org\junit\jupiter\junit-jupiter-api\5.8.0\junit-jupiter-api-5.8.0.jar;C:\Users\LENOVO\.m2\repository\org\opentest4j\opentest4j\1.2.0\opentest4j-1.2.0.jar;C:\Users\LENOVO\.m2\repository\org\junit\platform\junit-platform-commons\1.8.0\junit-platform-commons-1.8.0.jar;C:\Users\LENOVO\.m2\repository\org\junit\jupiter\junit-jupiter-params\5.8.0\junit-jupiter-params-5.8.0.jar;C:\Users\LENOVO\.m2\repository\org\junit\jupiter\junit-jupiter-engine\5.8.0\junit-jupiter-engine-5.8.0.jar;C:\Users\LENOVO\.m2\repository\org\junit\platform\junit-platform-engine\1.8.0\junit-platform-engine-1.8.0.jar;C:\Users\LENOVO\.m2\repository\io\cucumber\cucumber-jvm-deps\1.0.6\cucumber-jvm-deps-1.0.6.jar;C:\Users\LENOVO\.m2\repository\com\fasterxml\jackson\core\jackson-databind\2.15.2\jackson-databind-2.15.2.jar;C:\Users\LENOVO\.m2\repository\com\fasterxml\jackson\core\jackson-annotations\2.15.2\jackson-annotations-2.15.2.jar;C:\Users\LENOVO\.m2\repository\com\fasterxml\jackson\core\jackson-core\2.15.2\jackson-core-2.15.2.jar;C:\Users\LENOVO\.m2\repository\org\codehaus\groovy\groovy\3.0.22\groovy-3.0.22.jar;C:\Users\LENOVO\.m2\repository\org\codehaus\groovy\groovy-ant\3.0.22\groovy-ant-3.0.22.jar;C:\Users\LENOVO\.m2\repository\org\apache\ant\ant\1.10.14\ant-1.10.14.jar;C:\Users\LENOVO\.m2\repository\org\apache\ant\ant-junit\1.10.14\ant-junit-1.10.14.jar;C:\Users\LENOVO\.m2\repository\org\apache\ant\ant-launcher\1.10.14\ant-launcher-1.10.14.jar;C:\Users\LENOVO\.m2\repository\org\apache\ant\ant-antlr\1.10.14\ant-antlr-1.10.14.jar;C:\Users\LENOVO\.m2\repository\org\codehaus\groovy\groovy-astbuilder\3.0.22\groovy-astbuilder-3.0.22.jar;C:\Users\LENOVO\.m2\repository\org\codehaus\groovy\groovy-cli-picocli\3.0.22\groovy-cli-picocli-3.0.22.jar;C:\Users\LENOVO\.m2\repository\info\picocli\picocli\4.6.3\picocli-4.6.3.jar;C:\Users\LENOVO\.m2\repository\org\codehaus\groovy\groovy-console\3.0.22\groovy-console-3.0.22.jar;C:\Users\LENOVO\.m2\repository\org\codehaus\groovy\groovy-datetime\3.0.22\groovy-datetime-3.0.22.jar;C:\Users\LENOVO\.m2\repository\org\codehaus\groovy\groovy-docgenerator\3.0.22\groovy-docgenerator-3.0.22.jar;C:\Users\LENOVO\.m2\repository\com\thoughtworks\qdox\qdox\1.12.1\qdox-1.12.1.jar;C:\Users\LENOVO\.m2\repository\org\codehaus\groovy\groovy-groovydoc\3.0.22\groovy-groovydoc-3.0.22.jar;C:\Users\LENOVO\.m2\repository\com\github\javaparser\javaparser-core\3.25.6\javaparser-core-3.25.6.jar;C:\Users\LENOVO\.m2\repository\org\codehaus\groovy\groovy-groovysh\3.0.22\groovy-groovysh-3.0.22.jar;C:\Users\LENOVO\.m2\repository\jline\jline\2.14.6\jline-2.14.6.jar;C:\Users\LENOVO\.m2\repository\org\codehaus\groovy\groovy-jmx\3.0.22\groovy-jmx-3.0.22.jar;C:\Users\LENOVO\.m2\repository\org\codehaus\groovy\groovy-json\3.0.22\groovy-json-3.0.22.jar;C:\Users\LENOVO\.m2\repository\org\codehaus\groovy\groovy-jsr223\3.0.22\groovy-jsr223-3.0.22.jar;C:\Users\LENOVO\.m2\repository\org\codehaus\groovy\groovy-macro\3.0.22\groovy-macro-3.0.22.jar;C:\Users\LENOVO\.m2\repository\org\codehaus\groovy\groovy-nio\3.0.22\groovy-nio-3.0.22.jar;C:\Users\LENOVO\.m2\repository\org\codehaus\groovy\groovy-servlet\3.0.22\groovy-servlet-3.0.22.jar;C:\Users\LENOVO\.m2\repository\org\codehaus\groovy\groovy-sql\3.0.22\groovy-sql-3.0.22.jar;C:\Users\LENOVO\.m2\repository\org\codehaus\groovy\groovy-swing\3.0.22\groovy-swing-3.0.22.jar;C:\Users\LENOVO\.m2\repository\org\codehaus\groovy\groovy-templates\3.0.22\groovy-templates-3.0.22.jar;C:\Users\LENOVO\.m2\repository\org\codehaus\groovy\groovy-test\3.0.22\groovy-test-3.0.22.jar;C:\Users\LENOVO\.m2\repository\org\codehaus\groovy\groovy-test-junit5\3.0.22\groovy-test-junit5-3.0.22.jar;C:\Users\LENOVO\.m2\repository\org\junit\platform\junit-platform-launcher\1.9.2\junit-platform-launcher-1.9.2.jar;C:\Users\LENOVO\.m2\repository\org\codehaus\groovy\groovy-testng\3.0.22\groovy-testng-3.0.22.jar;C:\Users\LENOVO\.m2\repository\org\testng\testng\7.5\testng-7.5.jar;C:\Users\LENOVO\.m2\repository\org\slf4j\slf4j-api\1.7.32\slf4j-api-1.7.32.jar;C:\Users\LENOVO\.m2\repository\com\beust\jcommander\1.78\jcommander-1.78.jar;C:\Users\LENOVO\.m2\repository\org\webjars\jquery\3.5.1\jquery-3.5.1.jar;C:\Users\LENOVO\.m2\repository\org\codehaus\groovy\groovy-xml\3.0.22\groovy-xml-3.0.22.jar;C:\Users\LENOVO\.m2\repository\io\rest-assured\rest-assured\5.5.0\rest-assured-5.5.0.jar;C:\Users\LENOVO\.m2\repository\org\apache\groovy\groovy\4.0.22\groovy-4.0.22.jar;C:\Users\LENOVO\.m2\repository\org\apache\groovy\groovy-xml\4.0.22\groovy-xml-4.0.22.jar;C:\Users\LENOVO\.m2\repository\org\apache\httpcomponents\httpclient\4.5.13\httpclient-4.5.13.jar;C:\Users\LENOVO\.m2\repository\org\apache\httpcomponents\httpcore\4.4.13\httpcore-4.4.13.jar;C:\Users\LENOVO\.m2\repository\commons-logging\commons-logging\1.2\commons-logging-1.2.jar;C:\Users\LENOVO\.m2\repository\commons-codec\commons-codec\1.11\commons-codec-1.11.jar;C:\Users\LENOVO\.m2\repository\org\apache\httpcomponents\httpmime\4.5.13\httpmime-4.5.13.jar;C:\Users\LENOVO\.m2\repository\org\hamcrest\hamcrest\2.2\hamcrest-2.2.jar;C:\Users\LENOVO\.m2\repository\org\ccil\cowan\tagsoup\tagsoup\1.2.1\tagsoup-1.2.1.jar;C:\Users\LENOVO\.m2\repository\io\rest-assured\json-path\5.5.0\json-path-5.5.0.jar;C:\Users\LENOVO\.m2\repository\org\apache\groovy\groovy-json\4.0.22\groovy-json-4.0.22.jar;C:\Users\LENOVO\.m2\repository\io\rest-assured\rest-assured-common\5.5.0\rest-assured-common-5.5.0.jar;C:\Users\LENOVO\.m2\repository\io\rest-assured\xml-path\5.5.0\xml-path-5.5.0.jar;C:\Users\LENOVO\.m2\repository\org\apache\commons\commons-lang3\3.11\commons-lang3-3.11.jar;"/>
    <property name="java.vm.vendor" value="Oracle Corporation"/>
    <property name="sun.arch.data.model" value="64"/>
    <property name="user.variant" value=""/>
    <property name="java.vendor.url" value="https://java.oracle.com/"/>
    <property name="user.timezone" value="Asia/Calcutta"/>
    <property name="os.name" value="Windows 10"/>
    <property name="java.vm.specification.version" value="21"/>
    <property name="sun.java.launcher" value="SUN_STANDARD"/>
    <property name="user.country" value="IN"/>
    <property name="sun.boot.library.path" value="C:\Program Files\Java\jdk-21\bin"/>
    <property name="sun.java.command" value="C:\Users\LENOVO\AppData\Local\Temp\surefire6848104944102507272\surefirebooter17910635082430340407.jar C:\Users\LENOVO\AppData\Local\Temp\surefire6848104944102507272 2024-07-21T15-31-47_927-jvmRun1 surefire6496601604748982570tmp surefire_08464277810762873544tmp"/>
    <property name="jdk.debug" value="release"/>
    <property name="surefire.test.class.path" value="C:\Eclipse2024\CucumberBDDAPIFramework\target\test-classes;C:\Eclipse2024\CucumberBDDAPIFramework\target\classes;C:\Users\LENOVO\.m2\repository\io\cucumber\cucumber-java\7.18.1\cucumber-java-7.18.1.jar;C:\Users\LENOVO\.m2\repository\io\cucumber\cucumber-core\7.18.1\cucumber-core-7.18.1.jar;C:\Users\LENOVO\.m2\repository\io\cucumber\cucumber-gherkin\7.18.1\cucumber-gherkin-7.18.1.jar;C:\Users\LENOVO\.m2\repository\io\cucumber\cucumber-gherkin-messages\7.18.1\cucumber-gherkin-messages-7.18.1.jar;C:\Users\LENOVO\.m2\repository\io\cucumber\gherkin\28.0.0\gherkin-28.0.0.jar;C:\Users\LENOVO\.m2\repository\io\cucumber\messages\24.1.0\messages-24.1.0.jar;C:\Users\LENOVO\.m2\repository\io\cucumber\testng-xml-formatter\0.2.0\testng-xml-formatter-0.2.0.jar;C:\Users\LENOVO\.m2\repository\io\cucumber\query\12.2.0\query-12.2.0.jar;C:\Users\LENOVO\.m2\repository\io\cucumber\tag-expressions\6.1.0\tag-expressions-6.1.0.jar;C:\Users\LENOVO\.m2\repository\io\cucumber\cucumber-expressions\17.1.0\cucumber-expressions-17.1.0.jar;C:\Users\LENOVO\.m2\repository\io\cucumber\datatable\7.18.1\datatable-7.18.1.jar;C:\Users\LENOVO\.m2\repository\io\cucumber\cucumber-plugin\7.18.1\cucumber-plugin-7.18.1.jar;C:\Users\LENOVO\.m2\repository\io\cucumber\docstring\7.18.1\docstring-7.18.1.jar;C:\Users\LENOVO\.m2\repository\io\cucumber\html-formatter\21.4.1\html-formatter-21.4.1.jar;C:\Users\LENOVO\.m2\repository\io\cucumber\junit-xml-formatter\0.5.0\junit-xml-formatter-0.5.0.jar;C:\Users\LENOVO\.m2\repository\io\cucumber\ci-environment\10.0.1\ci-environment-10.0.1.jar;C:\Users\LENOVO\.m2\repository\org\apiguardian\apiguardian-api\1.1.2\apiguardian-api-1.1.2.jar;C:\Users\LENOVO\.m2\repository\io\cucumber\cucumber-junit\7.2.0\cucumber-junit-7.2.0.jar;C:\Users\LENOVO\.m2\repository\junit\junit\4.13.2\junit-4.13.2.jar;C:\Users\LENOVO\.m2\repository\org\hamcrest\hamcrest-core\1.3\hamcrest-core-1.3.jar;C:\Users\LENOVO\.m2\repository\org\junit\jupiter\junit-jupiter\5.8.0\junit-jupiter-5.8.0.jar;C:\Users\LENOVO\.m2\repository\org\junit\jupiter\junit-jupiter-api\5.8.0\junit-jupiter-api-5.8.0.jar;C:\Users\LENOVO\.m2\repository\org\opentest4j\opentest4j\1.2.0\opentest4j-1.2.0.jar;C:\Users\LENOVO\.m2\repository\org\junit\platform\junit-platform-commons\1.8.0\junit-platform-commons-1.8.0.jar;C:\Users\LENOVO\.m2\repository\org\junit\jupiter\junit-jupiter-params\5.8.0\junit-jupiter-params-5.8.0.jar;C:\Users\LENOVO\.m2\repository\org\junit\jupiter\junit-jupiter-engine\5.8.0\junit-jupiter-engine-5.8.0.jar;C:\Users\LENOVO\.m2\repository\org\junit\platform\junit-platform-engine\1.8.0\junit-platform-engine-1.8.0.jar;C:\Users\LENOVO\.m2\repository\io\cucumber\cucumber-jvm-deps\1.0.6\cucumber-jvm-deps-1.0.6.jar;C:\Users\LENOVO\.m2\repository\com\fasterxml\jackson\core\jackson-databind\2.15.2\jackson-databind-2.15.2.jar;C:\Users\LENOVO\.m2\repository\com\fasterxml\jackson\core\jackson-annotations\2.15.2\jackson-annotations-2.15.2.jar;C:\Users\LENOVO\.m2\repository\com\fasterxml\jackson\core\jackson-core\2.15.2\jackson-core-2.15.2.jar;C:\Users\LENOVO\.m2\repository\org\codehaus\groovy\groovy\3.0.22\groovy-3.0.22.jar;C:\Users\LENOVO\.m2\repository\org\codehaus\groovy\groovy-ant\3.0.22\groovy-ant-3.0.22.jar;C:\Users\LENOVO\.m2\repository\org\apache\ant\ant\1.10.14\ant-1.10.14.jar;C:\Users\LENOVO\.m2\repository\org\apache\ant\ant-junit\1.10.14\ant-junit-1.10.14.jar;C:\Users\LENOVO\.m2\repository\org\apache\ant\ant-launcher\1.10.14\ant-launcher-1.10.14.jar;C:\Users\LENOVO\.m2\repository\org\apache\ant\ant-antlr\1.10.14\ant-antlr-1.10.14.jar;C:\Users\LENOVO\.m2\repository\org\codehaus\groovy\groovy-astbuilder\3.0.22\groovy-astbuilder-3.0.22.jar;C:\Users\LENOVO\.m2\repository\org\codehaus\groovy\groovy-cli-picocli\3.0.22\groovy-cli-picocli-3.0.22.jar;C:\Users\LENOVO\.m2\repository\info\picocli\picocli\4.6.3\picocli-4.6.3.jar;C:\Users\LENOVO\.m2\repository\org\codehaus\groovy\groovy-console\3.0.22\groovy-console-3.0.22.jar;C:\Users\LENOVO\.m2\repository\org\codehaus\groovy\groovy-datetime\3.0.22\groovy-datetime-3.0.22.jar;C:\Users\LENOVO\.m2\repository\org\codehaus\groovy\groovy-docgenerator\3.0.22\groovy-docgenerator-3.0.22.jar;C:\Users\LENOVO\.m2\repository\com\thoughtworks\qdox\qdox\1.12.1\qdox-1.12.1.jar;C:\Users\LENOVO\.m2\repository\org\codehaus\groovy\groovy-groovydoc\3.0.22\groovy-groovydoc-3.0.22.jar;C:\Users\LENOVO\.m2\repository\com\github\javaparser\javaparser-core\3.25.6\javaparser-core-3.25.6.jar;C:\Users\LENOVO\.m2\repository\org\codehaus\groovy\groovy-groovysh\3.0.22\groovy-groovysh-3.0.22.jar;C:\Users\LENOVO\.m2\repository\jline\jline\2.14.6\jline-2.14.6.jar;C:\Users\LENOVO\.m2\repository\org\codehaus\groovy\groovy-jmx\3.0.22\groovy-jmx-3.0.22.jar;C:\Users\LENOVO\.m2\repository\org\codehaus\groovy\groovy-json\3.0.22\groovy-json-3.0.22.jar;C:\Users\LENOVO\.m2\repository\org\codehaus\groovy\groovy-jsr223\3.0.22\groovy-jsr223-3.0.22.jar;C:\Users\LENOVO\.m2\repository\org\codehaus\groovy\groovy-macro\3.0.22\groovy-macro-3.0.22.jar;C:\Users\LENOVO\.m2\repository\org\codehaus\groovy\groovy-nio\3.0.22\groovy-nio-3.0.22.jar;C:\Users\LENOVO\.m2\repository\org\codehaus\groovy\groovy-servlet\3.0.22\groovy-servlet-3.0.22.jar;C:\Users\LENOVO\.m2\repository\org\codehaus\groovy\groovy-sql\3.0.22\groovy-sql-3.0.22.jar;C:\Users\LENOVO\.m2\repository\org\codehaus\groovy\groovy-swing\3.0.22\groovy-swing-3.0.22.jar;C:\Users\LENOVO\.m2\repository\org\codehaus\groovy\groovy-templates\3.0.22\groovy-templates-3.0.22.jar;C:\Users\LENOVO\.m2\repository\org\codehaus\groovy\groovy-test\3.0.22\groovy-test-3.0.22.jar;C:\Users\LENOVO\.m2\repository\org\codehaus\groovy\groovy-test-junit5\3.0.22\groovy-test-junit5-3.0.22.jar;C:\Users\LENOVO\.m2\repository\org\junit\platform\junit-platform-launcher\1.9.2\junit-platform-launcher-1.9.2.jar;C:\Users\LENOVO\.m2\repository\org\codehaus\groovy\groovy-testng\3.0.22\groovy-testng-3.0.22.jar;C:\Users\LENOVO\.m2\repository\org\testng\testng\7.5\testng-7.5.jar;C:\Users\LENOVO\.m2\repository\org\slf4j\slf4j-api\1.7.32\slf4j-api-1.7.32.jar;C:\Users\LENOVO\.m2\repository\com\beust\jcommander\1.78\jcommander-1.78.jar;C:\Users\LENOVO\.m2\repository\org\webjars\jquery\3.5.1\jquery-3.5.1.jar;C:\Users\LENOVO\.m2\repository\org\codehaus\groovy\groovy-xml\3.0.22\groovy-xml-3.0.22.jar;C:\Users\LENOVO\.m2\repository\io\rest-assured\rest-assured\5.5.0\rest-assured-5.5.0.jar;C:\Users\LENOVO\.m2\repository\org\apache\groovy\groovy\4.0.22\groovy-4.0.22.jar;C:\Users\LENOVO\.m2\repository\org\apache\groovy\groovy-xml\4.0.22\groovy-xml-4.0.22.jar;C:\Users\LENOVO\.m2\repository\org\apache\httpcomponents\httpclient\4.5.13\httpclient-4.5.13.jar;C:\Users\LENOVO\.m2\repository\org\apache\httpcomponents\httpcore\4.4.13\httpcore-4.4.13.jar;C:\Users\LENOVO\.m2\repository\commons-logging\commons-logging\1.2\commons-logging-1.2.jar;C:\Users\LENOVO\.m2\repository\commons-codec\commons-codec\1.11\commons-codec-1.11.jar;C:\Users\LENOVO\.m2\repository\org\apache\httpcomponents\httpmime\4.5.13\httpmime-4.5.13.jar;C:\Users\LENOVO\.m2\repository\org\hamcrest\hamcrest\2.2\hamcrest-2.2.jar;C:\Users\LENOVO\.m2\repository\org\ccil\cowan\tagsoup\tagsoup\1.2.1\tagsoup-1.2.1.jar;C:\Users\LENOVO\.m2\repository\io\rest-assured\json-path\5.5.0\json-path-5.5.0.jar;C:\Users\LENOVO\.m2\repository\org\apache\groovy\groovy-json\4.0.22\groovy-json-4.0.22.jar;C:\Users\LENOVO\.m2\repository\io\rest-assured\rest-assured-common\5.5.0\rest-assured-common-5.5.0.jar;C:\Users\LENOVO\.m2\repository\io\rest-assured\xml-path\5.5.0\xml-path-5.5.0.jar;C:\Users\LENOVO\.m2\repository\org\apache\commons\commons-lang3\3.11\commons-lang3-3.11.jar;"/>
    <property name="sun.cpu.endian" value="little"/>
    <property name="user.home" value="C:\Users\LENOVO"/>
    <property name="user.language" value="en"/>
    <property name="java.specification.vendor" value="Oracle Corporation"/>
    <property name="java.version.date" value="2024-04-16"/>
    <property name="java.home" value="C:\Program Files\Java\jdk-21"/>
    <property name="file.separator" value="\"/>
    <property name="basedir" value="C:\Eclipse2024\CucumberBDDAPIFramework"/>
    <property name="style.color" value="always"/>
    <property name="java.vm.compressedOopsMode" value="32-bit"/>
    <property name="line.separator" value="&#10;"/>
    <property name="java.vm.specification.vendor" value="Oracle Corporation"/>
    <property name="java.specification.name" value="Java Platform API Specification"/>
    <property name="surefire.real.class.path" value="C:\Users\LENOVO\AppData\Local\Temp\surefire6848104944102507272\surefirebooter17910635082430340407.jar"/>
    <property name="user.script" value=""/>
    <property name="sun.management.compiler" value="HotSpot 64-Bit Tiered Compilers"/>
    <property name="java.runtime.version" value="21.0.3+7-LTS-152"/>
    <property name="user.name" value="LENOVO"/>
    <property name="stdout.encoding" value="Cp1252"/>
    <property name="path.separator" value=";"/>
    <property name="os.version" value="10.0"/>
    <property name="java.runtime.name" value="Java(TM) SE Runtime Environment"/>
    <property name="file.encoding" value="UTF-8"/>
    <property name="java.vm.name" value="Java HotSpot(TM) 64-Bit Server VM"/>
    <property name="localRepository" value="C:\Users\LENOVO\.m2\repository"/>
    <property name="java.vendor.url.bug" value="https://bugreport.java.com/bugreport/"/>
    <property name="java.io.tmpdir" value="C:\Users\LENOVO\AppData\Local\Temp\"/>
    <property name="java.version" value="21.0.3"/>
    <property name="user.dir" value="C:\Eclipse2024\CucumberBDDAPIFramework"/>
    <property name="os.arch" value="amd64"/>
    <property name="java.vm.specification.name" value="Java Virtual Machine Specification"/>
    <property name="sun.os.patch.level" value=""/>
    <property name="native.encoding" value="Cp1252"/>
    <property name="java.library.path" value="C:\Program Files\Java\jdk-21\bin;C:\Windows\Sun\Java\bin;C:\Windows\system32;C:\Windows;C:\Program Files\Common Files\Oracle\Java\javapath;C:\Windows\system32;C:\Windows;C:\Windows\System32\Wbem;C:\Windows\System32\WindowsPowerShell\v1.0\;C:\Windows\System32\OpenSSH\;C:\Program Files\Intel\WiFi\bin\;C:\Program Files\Common Files\Intel\WirelessCommon\;C:\Program Files\Java\jdk-21\bin;C:\apache-maven-3.9.8-bin\apache-maven-3.9.8\bin;C:\Program Files\Git\cmd;C:\Users\LENOVO\AppData\Local\Microsoft\WindowsApps;C:\apache-maven-3.9.8-bin\apache-maven-3.9.8\bin;;."/>
    <property name="java.vm.info" value="mixed mode, sharing"/>
    <property name="stderr.encoding" value="Cp1252"/>
    <property name="java.vendor" value="Oracle Corporation"/>
    <property name="java.vm.version" value="21.0.3+7-LTS-152"/>
    <property name="sun.io.unicode.encoding" value="UnicodeLittle"/>
    <property name="java.class.version" value="65.0"/>
  </properties>
</testsuite>